<?xml version="1.0" encoding="UTF-8"?>
<!-- Generated by org.testng.reporters.JUnitXMLReporter -->
<testsuite ignored="0" hostname="LAPTOP-HBSFHFQ2" failures="0" tests="4" name="Default test" time="119.752" errors="0" timestamp="2023-06-01T12:39:24 GMT-04:00">
  <testcase classname="com.tutorialsninja.practice.testcases.CompleteTest" name="completeTestCase" time="0.099"/>
  <testcase classname="com.tutorialsninja.practice.testcases.CompleteTest" name="clickOnLaptopsandNotebooks" time="1.316"/>
  <testcase classname="com.tutorialsninja.practice.testcases.CompleteTest" name="clickOnLaptop" time="3.19"/>
  <testcase classname="com.tutorialsninja.practice.testcases.CompleteTest" name="completeBuying" time="25.25"/>
</testsuite> <!-- Default test -->
