<?xml version="1.0" encoding="UTF-8"?>
<!-- Generated by org.testng.reporters.JUnitXMLReporter -->
<testsuite ignored="0" hostname="LAPTOP-HBSFHFQ2" failures="0" tests="4" name="Test" time="127.491" errors="0" timestamp="2023-06-01T12:49:55 GMT-04:00">
  <testcase classname="com.tutorialsninja.practice.testcases.CompleteTest" name="completeTestCase" time="0.138"/>
  <testcase classname="com.tutorialsninja.practice.testcases.CompleteTest" name="clickOnLaptopsandNotebooks" time="1.268"/>
  <testcase classname="com.tutorialsninja.practice.testcases.CompleteTest" name="clickOnLaptop" time="2.413"/>
  <testcase classname="com.tutorialsninja.practice.testcases.CompleteTest" name="completeBuying" time="24.457"/>
</testsuite> <!-- Test -->
