<?xml version="1.0" encoding="UTF-8"?>
<!-- Generated by org.testng.reporters.JUnitXMLReporter -->
<testsuite ignored="0" hostname="LAPTOP-HBSFHFQ2" failures="0" tests="4" name="Test" time="119.206" errors="0" timestamp="2023-06-01T13:02:30 GMT-04:00">
  <testcase classname="com.tutorialsninja.practice.testcases.CompleteTest" name="completeTestCase" time="0.114"/>
  <testcase classname="com.tutorialsninja.practice.testcases.CompleteTest" name="clickOnLaptopsandNotebooks" time="1.633"/>
  <testcase classname="com.tutorialsninja.practice.testcases.CompleteTest" name="clickOnLaptop" time="2.657"/>
  <testcase classname="com.tutorialsninja.practice.testcases.CompleteTest" name="completeBuying" time="24.985"/>
</testsuite> <!-- Test -->
